<?xml version="1.0" encoding="utf-8"?><testsuites name="pytest tests"><testsuite name="pytest" errors="0" failures="0" skipped="0" tests="14" time="5.396" timestamp="2026-04-24T19:48:32.168444+00:00" hostname="agent-env-e8ecc65c-4ee3-4a3e-836f-996c0b33877b"><testcase classname="backend.tests.backend_test.TestAuth" name="test_register_sets_cookies" time="0.367" /><testcase classname="backend.tests.backend_test.TestAuth" name="test_register_duplicate_rejected" time="0.119" /><testcase classname="backend.tests.backend_test.TestAuth" name="test_login_success_and_me" time="0.411" /><testcase classname="backend.tests.backend_test.TestAuth" name="test_login_invalid_credentials" time="0.335" /><testcase classname="backend.tests.backend_test.TestAuth" name="test_me_unauthenticated" time="0.138" /><testcase classname="backend.tests.backend_test.TestAuth" name="test_logout_clears_cookies" time="0.451" /><testcase classname="backend.tests.backend_test.TestAuth" name="test_admin_seed_login" time="0.396" /><testcase classname="backend.tests.backend_test.TestProjects" name="test_create_list_get_update_delete" time="0.358" /><testcase classname="backend.tests.backend_test.TestProjects" name="test_unauthenticated_projects" time="0.188" /><testcase classname="backend.tests.backend_test.TestCharacters" name="test_crud" time="0.260" /><testcase classname="backend.tests.backend_test.TestChaptersActs" name="test_chapter_crud" time="0.200" /><testcase classname="backend.tests.backend_test.TestChaptersActs" name="test_act_crud" time="0.209" /><testcase classname="backend.tests.backend_test.TestNotesAndExports" name="test_notes_multitag_filter_and_exports" time="1.010" /><testcase classname="backend.tests.backend_test.TestOwnership" name="test_user_b_cannot_access_user_a_project" time="0.856" /></testsuite></testsuites>